2024-11-20 23:39:35,941 [Worker-5: Loading available Gradle versions] INFO  o.e.b.c.i.u.g.PublishedGradleVersions - Gradle version information cache is up-to-date. Trying to read.
2024-11-20 23:40:26,394 [Worker-17: Building] INFO  o.e.m.c.i.l.LifecycleMappingFactory - Using org.eclipse.m2e.jdt.JarLifecycleMapping lifecycle mapping for MavenProject: pr.senac.br:Framework_Aula08_Maven:0.0.1-SNAPSHOT @ C:\Users\Usuario\eclipse-workspace\SegundaProvaDeTestes\SegundaProvaDeTestes\pom.xml.
2024-11-20 23:40:27,337 [Worker-17: Building] WARN  o.a.m.s.f.DefaultMavenResourcesFiltering - Using platform encoding (Cp1252 actually) to copy filtered resources, i.e. build is platform dependent!
2024-11-20 23:40:27,344 [Worker-17: Building] INFO  o.a.m.s.f.DefaultMavenResourcesFiltering - Copying 0 resource from src\main\resources to target\classes
2024-11-20 23:40:27,350 [Worker-17: Building] WARN  o.a.m.s.f.DefaultMavenResourcesFiltering - Using platform encoding (Cp1252 actually) to copy filtered resources, i.e. build is platform dependent!
2024-11-20 23:40:27,351 [Worker-17: Building] INFO  o.a.m.s.f.DefaultMavenResourcesFiltering - Copying 0 resource from src\test\resources to target\test-classes
2024-11-20 23:40:28,358 [Worker-20: Download sources and javadoc] INFO  o.e.m.c.i.e.AbstractTransferListenerAdapter - Downloading https://repo.maven.apache.org/maven2/org/junit/jupiter/junit-jupiter/5.10.0/junit-jupiter-5.10.0-sources.jar
2024-11-20 23:40:28,382 [Worker-20: Download sources and javadoc] INFO  o.e.m.c.i.e.AbstractTransferListenerAdapter - Downloaded https://repo.maven.apache.org/maven2/org/junit/jupiter/junit-jupiter/5.10.0/junit-jupiter-5.10.0-sources.jar
2024-11-20 23:40:28,390 [Worker-20: Download sources and javadoc] INFO  o.e.m.j.internal.DownloadSourcesJob - Downloaded sources for org.junit.jupiter:junit-jupiter:5.10.0
2024-11-20 23:40:28,447 [Worker-20: Download sources and javadoc] INFO  o.e.m.c.i.e.AbstractTransferListenerAdapter - Downloading https://repo.maven.apache.org/maven2/org/junit/jupiter/junit-jupiter-params/5.10.0/junit-jupiter-params-5.10.0-sources.jar
2024-11-20 23:40:28,484 [Worker-20: Download sources and javadoc] INFO  o.e.m.c.i.e.AbstractTransferListenerAdapter - Downloaded https://repo.maven.apache.org/maven2/org/junit/jupiter/junit-jupiter-params/5.10.0/junit-jupiter-params-5.10.0-sources.jar
2024-11-20 23:40:28,491 [Worker-20: Download sources and javadoc] INFO  o.e.m.j.internal.DownloadSourcesJob - Downloaded sources for org.junit.jupiter:junit-jupiter-params:5.10.0
2024-11-20 23:40:59,246 [Worker-12: Launching Executing install in C__Users_Usuario_eclipse-workspace_SegundaProvaDeTestes_SegundaProvaDeTestes] INFO  o.eclipse.m2e.core.internal.Bundles - getClasspathEntries(Bundle=org.eclipse.m2e.maven.runtime_3.9.400.20230826-0755 [297])
2024-11-20 23:40:59,248 [Worker-12: Launching Executing install in C__Users_Usuario_eclipse-workspace_SegundaProvaDeTestes_SegundaProvaDeTestes] INFO  o.eclipse.m2e.core.internal.Bundles - 	Entry: C:\Users\Usuario\.p2\pool\plugins\org.eclipse.m2e.maven.runtime_3.9.400.20230826-0755
2024-11-20 23:40:59,248 [Worker-12: Launching Executing install in C__Users_Usuario_eclipse-workspace_SegundaProvaDeTestes_SegundaProvaDeTestes] INFO  o.eclipse.m2e.core.internal.Bundles - 	Entry: C:\Users\Usuario\.p2\pool\plugins\org.eclipse.m2e.maven.runtime_3.9.400.20230826-0755\jars\aether-connector-okhttp-0.17.8.jar
2024-11-20 23:40:59,248 [Worker-12: Launching Executing install in C__Users_Usuario_eclipse-workspace_SegundaProvaDeTestes_SegundaProvaDeTestes] INFO  o.eclipse.m2e.core.internal.Bundles - 	Entry: C:\Users\Usuario\.p2\pool\plugins\org.eclipse.m2e.maven.runtime_3.9.400.20230826-0755\jars\aopalliance-1.0.jar
2024-11-20 23:40:59,248 [Worker-12: Launching Executing install in C__Users_Usuario_eclipse-workspace_SegundaProvaDeTestes_SegundaProvaDeTestes] INFO  o.eclipse.m2e.core.internal.Bundles - 	Entry: C:\Users\Usuario\.p2\pool\plugins\org.eclipse.m2e.maven.runtime_3.9.400.20230826-0755\jars\commons-lang3-3.12.0.jar
2024-11-20 23:40:59,249 [Worker-12: Launching Executing install in C__Users_Usuario_eclipse-workspace_SegundaProvaDeTestes_SegundaProvaDeTestes] INFO  o.eclipse.m2e.core.internal.Bundles - 	Entry: C:\Users\Usuario\.p2\pool\plugins\org.eclipse.m2e.maven.runtime_3.9.400.20230826-0755\jars\guice-5.1.0.jar
2024-11-20 23:40:59,249 [Worker-12: Launching Executing install in C__Users_Usuario_eclipse-workspace_SegundaProvaDeTestes_SegundaProvaDeTestes] INFO  o.eclipse.m2e.core.internal.Bundles - 	Entry: C:\Users\Usuario\.p2\pool\plugins\org.eclipse.m2e.maven.runtime_3.9.400.20230826-0755\jars\jansi-2.4.0.jar
2024-11-20 23:40:59,249 [Worker-12: Launching Executing install in C__Users_Usuario_eclipse-workspace_SegundaProvaDeTestes_SegundaProvaDeTestes] INFO  o.eclipse.m2e.core.internal.Bundles - 	Entry: C:\Users\Usuario\.p2\pool\plugins\org.eclipse.m2e.maven.runtime_3.9.400.20230826-0755\jars\maven-artifact-3.9.4.jar
2024-11-20 23:40:59,249 [Worker-12: Launching Executing install in C__Users_Usuario_eclipse-workspace_SegundaProvaDeTestes_SegundaProvaDeTestes] INFO  o.eclipse.m2e.core.internal.Bundles - 	Entry: C:\Users\Usuario\.p2\pool\plugins\org.eclipse.m2e.maven.runtime_3.9.400.20230826-0755\jars\maven-builder-support-3.9.4.jar
2024-11-20 23:40:59,249 [Worker-12: Launching Executing install in C__Users_Usuario_eclipse-workspace_SegundaProvaDeTestes_SegundaProvaDeTestes] INFO  o.eclipse.m2e.core.internal.Bundles - 	Entry: C:\Users\Usuario\.p2\pool\plugins\org.eclipse.m2e.maven.runtime_3.9.400.20230826-0755\jars\maven-compat-3.9.4.jar
2024-11-20 23:40:59,250 [Worker-12: Launching Executing install in C__Users_Usuario_eclipse-workspace_SegundaProvaDeTestes_SegundaProvaDeTestes] INFO  o.eclipse.m2e.core.internal.Bundles - 	Entry: C:\Users\Usuario\.p2\pool\plugins\org.eclipse.m2e.maven.runtime_3.9.400.20230826-0755\jars\maven-core-3.9.4.jar
2024-11-20 23:40:59,250 [Worker-12: Launching Executing install in C__Users_Usuario_eclipse-workspace_SegundaProvaDeTestes_SegundaProvaDeTestes] INFO  o.eclipse.m2e.core.internal.Bundles - 	Entry: C:\Users\Usuario\.p2\pool\plugins\org.eclipse.m2e.maven.runtime_3.9.400.20230826-0755\jars\maven-embedder-3.9.4.jar
2024-11-20 23:40:59,250 [Worker-12: Launching Executing install in C__Users_Usuario_eclipse-workspace_SegundaProvaDeTestes_SegundaProvaDeTestes] INFO  o.eclipse.m2e.core.internal.Bundles - 	Entry: C:\Users\Usuario\.p2\pool\plugins\org.eclipse.m2e.maven.runtime_3.9.400.20230826-0755\jars\maven-model-3.9.4.jar
2024-11-20 23:40:59,250 [Worker-12: Launching Executing install in C__Users_Usuario_eclipse-workspace_SegundaProvaDeTestes_SegundaProvaDeTestes] INFO  o.eclipse.m2e.core.internal.Bundles - 	Entry: C:\Users\Usuario\.p2\pool\plugins\org.eclipse.m2e.maven.runtime_3.9.400.20230826-0755\jars\maven-model-builder-3.9.4.jar
2024-11-20 23:40:59,250 [Worker-12: Launching Executing install in C__Users_Usuario_eclipse-workspace_SegundaProvaDeTestes_SegundaProvaDeTestes] INFO  o.eclipse.m2e.core.internal.Bundles - 	Entry: C:\Users\Usuario\.p2\pool\plugins\org.eclipse.m2e.maven.runtime_3.9.400.20230826-0755\jars\maven-plugin-api-3.9.4.jar
2024-11-20 23:40:59,251 [Worker-12: Launching Executing install in C__Users_Usuario_eclipse-workspace_SegundaProvaDeTestes_SegundaProvaDeTestes] INFO  o.eclipse.m2e.core.internal.Bundles - 	Entry: C:\Users\Usuario\.p2\pool\plugins\org.eclipse.m2e.maven.runtime_3.9.400.20230826-0755\jars\maven-repository-metadata-3.9.4.jar
2024-11-20 23:40:59,251 [Worker-12: Launching Executing install in C__Users_Usuario_eclipse-workspace_SegundaProvaDeTestes_SegundaProvaDeTestes] INFO  o.eclipse.m2e.core.internal.Bundles - 	Entry: C:\Users\Usuario\.p2\pool\plugins\org.eclipse.m2e.maven.runtime_3.9.400.20230826-0755\jars\maven-resolver-api-1.9.14.jar
2024-11-20 23:40:59,251 [Worker-12: Launching Executing install in C__Users_Usuario_eclipse-workspace_SegundaProvaDeTestes_SegundaProvaDeTestes] INFO  o.eclipse.m2e.core.internal.Bundles - 	Entry: C:\Users\Usuario\.p2\pool\plugins\org.eclipse.m2e.maven.runtime_3.9.400.20230826-0755\jars\maven-resolver-connector-basic-1.9.14.jar
2024-11-20 23:40:59,251 [Worker-12: Launching Executing install in C__Users_Usuario_eclipse-workspace_SegundaProvaDeTestes_SegundaProvaDeTestes] INFO  o.eclipse.m2e.core.internal.Bundles - 	Entry: C:\Users\Usuario\.p2\pool\plugins\org.eclipse.m2e.maven.runtime_3.9.400.20230826-0755\jars\maven-resolver-impl-1.9.14.jar
2024-11-20 23:40:59,252 [Worker-12: Launching Executing install in C__Users_Usuario_eclipse-workspace_SegundaProvaDeTestes_SegundaProvaDeTestes] INFO  o.eclipse.m2e.core.internal.Bundles - 	Entry: C:\Users\Usuario\.p2\pool\plugins\org.eclipse.m2e.maven.runtime_3.9.400.20230826-0755\jars\maven-resolver-named-locks-1.9.14.jar
2024-11-20 23:40:59,252 [Worker-12: Launching Executing install in C__Users_Usuario_eclipse-workspace_SegundaProvaDeTestes_SegundaProvaDeTestes] INFO  o.eclipse.m2e.core.internal.Bundles - 	Entry: C:\Users\Usuario\.p2\pool\plugins\org.eclipse.m2e.maven.runtime_3.9.400.20230826-0755\jars\maven-resolver-provider-3.9.4.jar
2024-11-20 23:40:59,252 [Worker-12: Launching Executing install in C__Users_Usuario_eclipse-workspace_SegundaProvaDeTestes_SegundaProvaDeTestes] INFO  o.eclipse.m2e.core.internal.Bundles - 	Entry: C:\Users\Usuario\.p2\pool\plugins\org.eclipse.m2e.maven.runtime_3.9.400.20230826-0755\jars\maven-resolver-spi-1.9.14.jar
2024-11-20 23:40:59,252 [Worker-12: Launching Executing install in C__Users_Usuario_eclipse-workspace_SegundaProvaDeTestes_SegundaProvaDeTestes] INFO  o.eclipse.m2e.core.internal.Bundles - 	Entry: C:\Users\Usuario\.p2\pool\plugins\org.eclipse.m2e.maven.runtime_3.9.400.20230826-0755\jars\maven-resolver-transport-wagon-1.9.14.jar
2024-11-20 23:40:59,252 [Worker-12: Launching Executing install in C__Users_Usuario_eclipse-workspace_SegundaProvaDeTestes_SegundaProvaDeTestes] INFO  o.eclipse.m2e.core.internal.Bundles - 	Entry: C:\Users\Usuario\.p2\pool\plugins\org.eclipse.m2e.maven.runtime_3.9.400.20230826-0755\jars\maven-resolver-util-1.9.14.jar
2024-11-20 23:40:59,253 [Worker-12: Launching Executing install in C__Users_Usuario_eclipse-workspace_SegundaProvaDeTestes_SegundaProvaDeTestes] INFO  o.eclipse.m2e.core.internal.Bundles - 	Entry: C:\Users\Usuario\.p2\pool\plugins\org.eclipse.m2e.maven.runtime_3.9.400.20230826-0755\jars\maven-settings-3.9.4.jar
2024-11-20 23:40:59,253 [Worker-12: Launching Executing install in C__Users_Usuario_eclipse-workspace_SegundaProvaDeTestes_SegundaProvaDeTestes] INFO  o.eclipse.m2e.core.internal.Bundles - 	Entry: C:\Users\Usuario\.p2\pool\plugins\org.eclipse.m2e.maven.runtime_3.9.400.20230826-0755\jars\maven-settings-builder-3.9.4.jar
2024-11-20 23:40:59,253 [Worker-12: Launching Executing install in C__Users_Usuario_eclipse-workspace_SegundaProvaDeTestes_SegundaProvaDeTestes] INFO  o.eclipse.m2e.core.internal.Bundles - 	Entry: C:\Users\Usuario\.p2\pool\plugins\org.eclipse.m2e.maven.runtime_3.9.400.20230826-0755\jars\maven-shared-utils-3.3.4.jar
2024-11-20 23:40:59,253 [Worker-12: Launching Executing install in C__Users_Usuario_eclipse-workspace_SegundaProvaDeTestes_SegundaProvaDeTestes] INFO  o.eclipse.m2e.core.internal.Bundles - 	Entry: C:\Users\Usuario\.p2\pool\plugins\org.eclipse.m2e.maven.runtime_3.9.400.20230826-0755\jars\okhttp-3.14.1.jar
2024-11-20 23:40:59,254 [Worker-12: Launching Executing install in C__Users_Usuario_eclipse-workspace_SegundaProvaDeTestes_SegundaProvaDeTestes] INFO  o.eclipse.m2e.core.internal.Bundles - 	Entry: C:\Users\Usuario\.p2\pool\plugins\org.eclipse.m2e.maven.runtime_3.9.400.20230826-0755\jars\okio-1.17.3.jar
2024-11-20 23:40:59,254 [Worker-12: Launching Executing install in C__Users_Usuario_eclipse-workspace_SegundaProvaDeTestes_SegundaProvaDeTestes] INFO  o.eclipse.m2e.core.internal.Bundles - 	Entry: C:\Users\Usuario\.p2\pool\plugins\org.eclipse.m2e.maven.runtime_3.9.400.20230826-0755\jars\org.eclipse.sisu.inject-0.3.5.jar
2024-11-20 23:40:59,254 [Worker-12: Launching Executing install in C__Users_Usuario_eclipse-workspace_SegundaProvaDeTestes_SegundaProvaDeTestes] INFO  o.eclipse.m2e.core.internal.Bundles - 	Entry: C:\Users\Usuario\.p2\pool\plugins\org.eclipse.m2e.maven.runtime_3.9.400.20230826-0755\jars\org.eclipse.sisu.plexus-0.3.5.jar
2024-11-20 23:40:59,254 [Worker-12: Launching Executing install in C__Users_Usuario_eclipse-workspace_SegundaProvaDeTestes_SegundaProvaDeTestes] INFO  o.eclipse.m2e.core.internal.Bundles - 	Entry: C:\Users\Usuario\.p2\pool\plugins\org.eclipse.m2e.maven.runtime_3.9.400.20230826-0755\jars\plexus-build-api-0.0.7.jar
2024-11-20 23:40:59,254 [Worker-12: Launching Executing install in C__Users_Usuario_eclipse-workspace_SegundaProvaDeTestes_SegundaProvaDeTestes] INFO  o.eclipse.m2e.core.internal.Bundles - 	Entry: C:\Users\Usuario\.p2\pool\plugins\org.eclipse.m2e.maven.runtime_3.9.400.20230826-0755\jars\plexus-cipher-2.0.jar
2024-11-20 23:40:59,255 [Worker-12: Launching Executing install in C__Users_Usuario_eclipse-workspace_SegundaProvaDeTestes_SegundaProvaDeTestes] INFO  o.eclipse.m2e.core.internal.Bundles - 	Entry: C:\Users\Usuario\.p2\pool\plugins\org.eclipse.m2e.maven.runtime_3.9.400.20230826-0755\jars\plexus-classworlds-2.7.0.jar
2024-11-20 23:40:59,255 [Worker-12: Launching Executing install in C__Users_Usuario_eclipse-workspace_SegundaProvaDeTestes_SegundaProvaDeTestes] INFO  o.eclipse.m2e.core.internal.Bundles - 	Entry: C:\Users\Usuario\.p2\pool\plugins\org.eclipse.m2e.maven.runtime_3.9.400.20230826-0755\jars\plexus-component-annotations-2.1.0.jar
2024-11-20 23:40:59,255 [Worker-12: Launching Executing install in C__Users_Usuario_eclipse-workspace_SegundaProvaDeTestes_SegundaProvaDeTestes] INFO  o.eclipse.m2e.core.internal.Bundles - 	Entry: C:\Users\Usuario\.p2\pool\plugins\org.eclipse.m2e.maven.runtime_3.9.400.20230826-0755\jars\plexus-interpolation-1.26.jar
2024-11-20 23:40:59,255 [Worker-12: Launching Executing install in C__Users_Usuario_eclipse-workspace_SegundaProvaDeTestes_SegundaProvaDeTestes] INFO  o.eclipse.m2e.core.internal.Bundles - 	Entry: C:\Users\Usuario\.p2\pool\plugins\org.eclipse.m2e.maven.runtime_3.9.400.20230826-0755\jars\plexus-sec-dispatcher-2.0.jar
2024-11-20 23:40:59,255 [Worker-12: Launching Executing install in C__Users_Usuario_eclipse-workspace_SegundaProvaDeTestes_SegundaProvaDeTestes] INFO  o.eclipse.m2e.core.internal.Bundles - 	Entry: C:\Users\Usuario\.p2\pool\plugins\org.eclipse.m2e.maven.runtime_3.9.400.20230826-0755\jars\plexus-utils-3.5.1.jar
2024-11-20 23:40:59,256 [Worker-12: Launching Executing install in C__Users_Usuario_eclipse-workspace_SegundaProvaDeTestes_SegundaProvaDeTestes] INFO  o.eclipse.m2e.core.internal.Bundles - 	Entry: C:\Users\Usuario\.p2\pool\plugins\org.eclipse.m2e.maven.runtime_3.9.400.20230826-0755\jars\wagon-file-3.5.3.jar
2024-11-20 23:40:59,256 [Worker-12: Launching Executing install in C__Users_Usuario_eclipse-workspace_SegundaProvaDeTestes_SegundaProvaDeTestes] INFO  o.eclipse.m2e.core.internal.Bundles - 	Entry: C:\Users\Usuario\.p2\pool\plugins\org.eclipse.m2e.maven.runtime_3.9.400.20230826-0755\jars\wagon-provider-api-3.5.3.jar
2024-11-20 23:40:59,257 [Worker-12: Launching Executing install in C__Users_Usuario_eclipse-workspace_SegundaProvaDeTestes_SegundaProvaDeTestes] INFO  o.eclipse.m2e.core.internal.Bundles - getClasspathEntries(Bundle=com.google.guava_32.1.2.jre [10])
2024-11-20 23:40:59,258 [Worker-12: Launching Executing install in C__Users_Usuario_eclipse-workspace_SegundaProvaDeTestes_SegundaProvaDeTestes] INFO  o.eclipse.m2e.core.internal.Bundles - 	Entry: C:\Users\Usuario\.p2\pool\plugins\com.google.guava_32.1.2.jre.jar
2024-11-20 23:40:59,258 [Worker-12: Launching Executing install in C__Users_Usuario_eclipse-workspace_SegundaProvaDeTestes_SegundaProvaDeTestes] INFO  o.eclipse.m2e.core.internal.Bundles - getClasspathEntries(Bundle=slf4j.api_2.0.9 [518])
2024-11-20 23:40:59,258 [Worker-12: Launching Executing install in C__Users_Usuario_eclipse-workspace_SegundaProvaDeTestes_SegundaProvaDeTestes] INFO  o.eclipse.m2e.core.internal.Bundles - 	Entry: C:\Users\Usuario\.p2\pool\plugins\slf4j.api_2.0.9.jar
2024-11-20 23:40:59,258 [Worker-12: Launching Executing install in C__Users_Usuario_eclipse-workspace_SegundaProvaDeTestes_SegundaProvaDeTestes] INFO  o.eclipse.m2e.core.internal.Bundles - getClasspathEntries(Bundle=javax.inject_1.0.0.v20220405-0441 [26])
2024-11-20 23:40:59,259 [Worker-12: Launching Executing install in C__Users_Usuario_eclipse-workspace_SegundaProvaDeTestes_SegundaProvaDeTestes] INFO  o.eclipse.m2e.core.internal.Bundles - 	Entry: C:\Users\Usuario\.p2\pool\plugins\javax.inject_1.0.0.v20220405-0441.jar
2024-11-20 23:40:59,259 [Worker-12: Launching Executing install in C__Users_Usuario_eclipse-workspace_SegundaProvaDeTestes_SegundaProvaDeTestes] INFO  o.eclipse.m2e.core.internal.Bundles - getClasspathEntries(Bundle=javax.annotation_1.3.5.v20200909-1856 [24])
2024-11-20 23:40:59,259 [Worker-12: Launching Executing install in C__Users_Usuario_eclipse-workspace_SegundaProvaDeTestes_SegundaProvaDeTestes] INFO  o.eclipse.m2e.core.internal.Bundles - 	Entry: C:\Users\Usuario\.p2\pool\plugins\javax.annotation_1.3.5.v20200909-1856.jar
2024-11-20 23:40:59,259 [Worker-12: Launching Executing install in C__Users_Usuario_eclipse-workspace_SegundaProvaDeTestes_SegundaProvaDeTestes] INFO  o.eclipse.m2e.core.internal.Bundles - getClasspathEntries(Bundle=org.apache.commons.cli_1.5.0 [49])
2024-11-20 23:40:59,260 [Worker-12: Launching Executing install in C__Users_Usuario_eclipse-workspace_SegundaProvaDeTestes_SegundaProvaDeTestes] INFO  o.eclipse.m2e.core.internal.Bundles - 	Entry: C:\Users\Usuario\.p2\pool\plugins\org.apache.commons.cli_1.5.0.jar
2024-11-20 23:40:59,260 [Worker-12: Launching Executing install in C__Users_Usuario_eclipse-workspace_SegundaProvaDeTestes_SegundaProvaDeTestes] INFO  o.eclipse.m2e.core.internal.Bundles - getClasspathEntries(Bundle=com.google.guava.failureaccess_1.0.1 [12])
2024-11-20 23:40:59,260 [Worker-12: Launching Executing install in C__Users_Usuario_eclipse-workspace_SegundaProvaDeTestes_SegundaProvaDeTestes] INFO  o.eclipse.m2e.core.internal.Bundles - 	Entry: C:\Users\Usuario\.p2\pool\plugins\com.google.guava.failureaccess_1.0.1.jar
2024-11-20 23:40:59,273 [Worker-12: Launching Executing install in C__Users_Usuario_eclipse-workspace_SegundaProvaDeTestes_SegundaProvaDeTestes] INFO  o.e.m.i.launch.MavenLaunchDelegate - Run build in "C:\Users\Usuario\eclipse-workspace\SegundaProvaDeTestes\SegundaProvaDeTestes":
2024-11-20 23:40:59,276 [Worker-12: Launching Executing install in C__Users_Usuario_eclipse-workspace_SegundaProvaDeTestes_SegundaProvaDeTestes] INFO  o.e.m.i.launch.MavenLaunchDelegate -  mvn  -B -Dstyle.color=always install
